<?xml version="1.0" encoding="UTF-8"?>
<!-- Generated by org.testng.reporters.JUnitXMLReporter -->
<testsuite hostname="LAPTOP-OSA1RE24" ignored="5" name="Test" tests="2" failures="0" timestamp="18 三月 2017 10:31:55 GMT" time="159.33" errors="0">
  <testcase name="phoneInfomation" time="20.024" classname="com.nono.live.UiTest"/>
  <testcase name="homepageHot" time="124.365" classname="com.nono.live.UiTest"/>
  <testcase name="goLive" time="0.0" classname="com.nono.live.UiTest">
    <ignored/>
  </testcase> <!-- goLive -->
  <testcase name="homepageFollow" time="0.0" classname="com.nono.live.UiTest">
    <ignored/>
  </testcase> <!-- homepageFollow -->
  <testcase name="me" time="0.0" classname="com.nono.live.UiTest">
    <ignored/>
  </testcase> <!-- me -->
  <testcase name="homepageExplore" time="0.0" classname="com.nono.live.UiTest">
    <ignored/>
  </testcase> <!-- homepageExplore -->
  <testcase name="phoneNumberLogin" time="0.0" classname="com.nono.live.UiTest">
    <ignored/>
  </testcase> <!-- phoneNumberLogin -->
</testsuite> <!-- Test -->
