<?xml version="1.0" encoding="UTF-8"?>
<!-- Generated by org.testng.reporters.JUnitXMLReporter -->
<testsuite hostname="LAPTOP-OSA1RE24" ignored="0" name="TestPer" tests="2" failures="1" timestamp="13 五月 2017 13:24:30 GMT" time="4368.026" errors="0">
  <testcase name="testViewPerformance" time="2649.665" classname="com.nono.live.PerformanceTest">
    <failure type="org.openqa.selenium.WebDriverException" message="An unknown server-side error occurred while processing the command. (WARNING: The server did not provide any stacktrace information)
Command duration or timeout: 239 milliseconds
Build info: version: &amp;apos;unknown&amp;apos;, revision: &amp;apos;c7b525d&amp;apos;, time: &amp;apos;2016-09-01 14:57:44 -0700&amp;apos;
System info: host: &amp;apos;LAPTOP-OSA1RE24&amp;apos;, ip: &amp;apos;192.168.0.29&amp;apos;, os.name: &amp;apos;Windows 10&amp;apos;, os.arch: &amp;apos;amd64&amp;apos;, os.version: &amp;apos;10.0&amp;apos;, java.version: &amp;apos;1.8.0_73&amp;apos;
Driver info: io.appium.java_client.android.AndroidDriver
Capabilities [{appPackage=com.nono.android, networkConnectionEnabled=true, warnings={}, databaseEnabled=false, deviceName=192.168.0.78:5555, platform=LINUX, deviceUDID=192.168.0.78:5555, appActivity=.modules.splash.SplashActivity, desired={appPackage=com.nono.android, appActivity=.modules.splash.SplashActivity, newCommandTimeout=120, platformVersion=5.0.2, platformName=Android, deviceName=192.168.0.78:5555}, newCommandTimeout=120, platformVersion=5.0.2, webStorageEnabled=false, locationContextEnabled=false, takesScreenshot=true, javascriptEnabled=true, platformName=Android}]
Session ID: 5da6db56-d483-4f17-be36-d9a471d46e77">
      <![CDATA[org.openqa.selenium.WebDriverException: An unknown server-side error occurred while processing the command. (WARNING: The server did not provide any stacktrace information)
Command duration or timeout: 239 milliseconds
Build info: version: 'unknown', revision: 'c7b525d', time: '2016-09-01 14:57:44 -0700'
System info: host: 'LAPTOP-OSA1RE24', ip: '192.168.0.29', os.name: 'Windows 10', os.arch: 'amd64', os.version: '10.0', java.version: '1.8.0_73'
Driver info: io.appium.java_client.android.AndroidDriver
Capabilities [{appPackage=com.nono.android, networkConnectionEnabled=true, warnings={}, databaseEnabled=false, deviceName=192.168.0.78:5555, platform=LINUX, deviceUDID=192.168.0.78:5555, appActivity=.modules.splash.SplashActivity, desired={appPackage=com.nono.android, appActivity=.modules.splash.SplashActivity, newCommandTimeout=120, platformVersion=5.0.2, platformName=Android, deviceName=192.168.0.78:5555}, newCommandTimeout=120, platformVersion=5.0.2, webStorageEnabled=false, locationContextEnabled=false, takesScreenshot=true, javascriptEnabled=true, platformName=Android}]
Session ID: 5da6db56-d483-4f17-be36-d9a471d46e77
	at org.openqa.selenium.remote.ErrorHandler.createThrowable(ErrorHandler.java:206)
	at org.openqa.selenium.remote.ErrorHandler.throwIfResponseFailed(ErrorHandler.java:158)
	at org.openqa.selenium.remote.RemoteWebDriver.execute(RemoteWebDriver.java:631)
	at io.appium.java_client.DefaultGenericMobileDriver.execute(DefaultGenericMobileDriver.java:42)
	at io.appium.java_client.AppiumDriver.execute(AppiumDriver.java:1)
	at io.appium.java_client.android.AndroidDriver.execute(AndroidDriver.java:1)
	at io.appium.java_client.AppiumDriver.performTouchAction(AppiumDriver.java:314)
	at io.appium.java_client.MultiTouchAction.perform(MultiTouchAction.java:74)
	at io.appium.java_client.AppiumDriver.tap(AppiumDriver.java:355)
	at com.nono.live.PerformanceTest.livetime(PerformanceTest.java:99)
	at com.nono.live.PerformanceTest.testViewPerformance(PerformanceTest.java:62)
	at java.util.concurrent.FutureTask.run(FutureTask.java:266)
	at java.util.concurrent.ThreadPoolExecutor.runWorker(ThreadPoolExecutor.java:1142)
	at java.util.concurrent.ThreadPoolExecutor$Worker.run(ThreadPoolExecutor.java:617)
	at java.lang.Thread.run(Thread.java:745)
... Removed 20 stack frames]]>
    </failure>
  </testcase> <!-- testViewPerformance -->
  <testcase name="testTimes" time="1696.886" classname="com.nono.live.PerformanceTest"/>
</testsuite> <!-- TestPer -->
