<?xml version="1.0" encoding="UTF-8"?>
<!-- Generated by org.testng.reporters.JUnitXMLReporter -->
<testsuite hostname="wangdeMacBook-Pro.local" ignored="1" name="TestPer" tests="1" failures="0" timestamp="15 六月 2017 08:13:57 GMT" time="1334.39" errors="0">
  <testcase name="testTimes" time="1323.969" classname="com.nono.live.PerformanceTest"/>
  <testcase name="testViewPerformance" time="0.0" classname="com.nono.live.PerformanceTest">
    <ignored/>
  </testcase> <!-- testViewPerformance -->
</testsuite> <!-- TestPer -->
