<?xml version="1.0" encoding="UTF-8"?>
<testsuite name="Test"
           tests="6"
           failures="0"
           errors="0"
           skipped="0"
           time="34.314">
  <properties />
  
  
            <testcase name="homepageExplore" time="0.154" classname="com.nono.live.UiTest" />
                <testcase name="goLive" time="0.295" classname="com.nono.live.UiTest" />
                <testcase name="me" time="0.195" classname="com.nono.live.UiTest" />
                <testcase name="phoneInfomation" time="0.018" classname="com.nono.live.UiTest" />
                <testcase name="homepageFollow" time="0.146" classname="com.nono.live.UiTest" />
                <testcase name="homepageHot" time="33.506" classname="com.nono.live.UiTest" />
      
</testsuite>
