<?xml version="1.0" encoding="UTF-8"?>
<testsuite name="TestPer"
           tests="3"
           failures="1"
           errors="0"
           skipped="2"
           time="0.001">
  <properties />
            <testcase name="setUp" time="0.000" classname="com.nono.live.kwaiTest">
                <failure type="org.openqa.selenium.remote.UnreachableBrowserException"
                  message="Could not start a new session. Possible causes are invalid address of the remote server or browser start-up failure.
Build info: version: &apos;unknown&apos;, revision: &apos;c7b525d&apos;, time: &apos;2016-09-01 14:57:44 -0700&apos;
System info: host: &apos;LAPTOP-OSA1RE24&apos;, ip: &apos;192.168.0.29&apos;, os.name: &apos;Windows 10&apos;, os.arch: &apos;amd64&apos;, os.version: &apos;10.0&apos;, java.version: &apos;1.8.0_73&apos;
Driver info: driver.version: AndroidDriver"
              >
<![CDATA[org.openqa.selenium.remote.UnreachableBrowserException: Could not start a new session. Possible causes are invalid address of the remote server or browser start-up failure.
Build info: version: 'unknown', revision: 'c7b525d', time: '2016-09-01 14:57:44 -0700'
System info: host: 'LAPTOP-OSA1RE24', ip: '192.168.0.29', os.name: 'Windows 10', os.arch: 'amd64', os.version: '10.0', java.version: '1.8.0_73'
Driver info: driver.version: AndroidDriver
  org.openqa.selenium.remote.RemoteWebDriver.execute(RemoteWebDriver.java:618)
  io.appium.java_client.DefaultGenericMobileDriver.execute(DefaultGenericMobileDriver.java:42)
  io.appium.java_client.AppiumDriver.execute(AppiumDriver.java:1)
  io.appium.java_client.android.AndroidDriver.execute(AndroidDriver.java:1)
  org.openqa.selenium.remote.RemoteWebDriver.startSession(RemoteWebDriver.java:242)
  org.openqa.selenium.remote.RemoteWebDriver.<init>(RemoteWebDriver.java:129)
  org.openqa.selenium.remote.RemoteWebDriver.<init>(RemoteWebDriver.java:142)
  io.appium.java_client.DefaultGenericMobileDriver.<init>(DefaultGenericMobileDriver.java:37)
  io.appium.java_client.AppiumDriver.<init>(AppiumDriver.java:161)
  io.appium.java_client.AppiumDriver.<init>(AppiumDriver.java:170)
  io.appium.java_client.android.AndroidDriver.<init>(AndroidDriver.java:82)
  com.nono.live.kwaiTest.setUp(kwaiTest.java:36)
  sun.reflect.NativeMethodAccessorImpl.invoke0(Native Method)
  sun.reflect.NativeMethodAccessorImpl.invoke(NativeMethodAccessorImpl.java:62)
  sun.reflect.DelegatingMethodAccessorImpl.invoke(DelegatingMethodAccessorImpl.java:43)
  java.lang.reflect.Method.invoke(Method.java:497)
  org.testng.internal.MethodInvocationHelper.invokeMethod(MethodInvocationHelper.java:104)
  org.testng.internal.Invoker.invokeConfigurationMethod(Invoker.java:515)
  org.testng.internal.Invoker.invokeConfigurations(Invoker.java:217)
  org.testng.internal.Invoker.invokeConfigurations(Invoker.java:144)
  org.testng.TestRunner.beforeRun(TestRunner.java:634)
  org.testng.TestRunner.run(TestRunner.java:602)
  org.testng.SuiteRunner.runTest(SuiteRunner.java:387)
  org.testng.SuiteRunner.access$000(SuiteRunner.java:39)
  org.testng.SuiteRunner$SuiteWorker.run(SuiteRunner.java:421)
  org.testng.internal.thread.ThreadUtil$2.call(ThreadUtil.java:64)
  java.util.concurrent.FutureTask.run(FutureTask.java:266)
  java.util.concurrent.ThreadPoolExecutor.runWorker(ThreadPoolExecutor.java:1142)
  java.util.concurrent.ThreadPoolExecutor$Worker.run(ThreadPoolExecutor.java:617)
  java.lang.Thread.run(Thread.java:745)
Caused by: org.openqa.selenium.SessionNotCreatedException: null (WARNING: The server did not provide any stacktrace information)
Command duration or timeout: 0 milliseconds
Build info: version: 'unknown', revision: 'c7b525d', time: '2016-09-01 14:57:44 -0700'
System info: host: 'LAPTOP-OSA1RE24', ip: '192.168.0.29', os.name: 'Windows 10', os.arch: 'amd64', os.version: '10.0', java.version: '1.8.0_73'
Driver info: driver.version: AndroidDriver
  sun.reflect.NativeConstructorAccessorImpl.newInstance0(Native Method)
  sun.reflect.NativeConstructorAccessorImpl.newInstance(NativeConstructorAccessorImpl.java:62)
  sun.reflect.DelegatingConstructorAccessorImpl.newInstance(DelegatingConstructorAccessorImpl.java:45)
  java.lang.reflect.Constructor.newInstance(Constructor.java:422)
  org.openqa.selenium.remote.ErrorHandler.createThrowable(ErrorHandler.java:206)
  org.openqa.selenium.remote.ErrorHandler.throwIfResponseFailed(ErrorHandler.java:158)
  org.openqa.selenium.remote.ProtocolHandshake.createSession(ProtocolHandshake.java:147)
  org.openqa.selenium.remote.ProtocolHandshake.createSession(ProtocolHandshake.java:70)
  org.openqa.selenium.remote.HttpCommandExecutor.execute(HttpCommandExecutor.java:141)
  io.appium.java_client.remote.AppiumCommandExecutor.execute(AppiumCommandExecutor.java:67)
  org.openqa.selenium.remote.RemoteWebDriver.execute(RemoteWebDriver.java:597)
  io.appium.java_client.DefaultGenericMobileDriver.execute(DefaultGenericMobileDriver.java:42)
  io.appium.java_client.AppiumDriver.execute(AppiumDriver.java:1)
  io.appium.java_client.android.AndroidDriver.execute(AndroidDriver.java:1)
  org.openqa.selenium.remote.RemoteWebDriver.startSession(RemoteWebDriver.java:242)
  org.openqa.selenium.remote.RemoteWebDriver.<init>(RemoteWebDriver.java:129)
  org.openqa.selenium.remote.RemoteWebDriver.<init>(RemoteWebDriver.java:142)
  io.appium.java_client.DefaultGenericMobileDriver.<init>(DefaultGenericMobileDriver.java:37)
  io.appium.java_client.AppiumDriver.<init>(AppiumDriver.java:161)
  io.appium.java_client.AppiumDriver.<init>(AppiumDriver.java:170)
  io.appium.java_client.android.AndroidDriver.<init>(AndroidDriver.java:82)
  com.nono.live.kwaiTest.setUp(kwaiTest.java:36)
  sun.reflect.NativeMethodAccessorImpl.invoke0(Native Method)
  sun.reflect.NativeMethodAccessorImpl.invoke(NativeMethodAccessorImpl.java:62)
  sun.reflect.DelegatingMethodAccessorImpl.invoke(DelegatingMethodAccessorImpl.java:43)
  java.lang.reflect.Method.invoke(Method.java:497)
  org.testng.internal.MethodInvocationHelper.invokeMethod(MethodInvocationHelper.java:104)
  org.testng.internal.Invoker.invokeConfigurationMethod(Invoker.java:515)
  org.testng.internal.Invoker.invokeConfigurations(Invoker.java:217)
  org.testng.internal.Invoker.invokeConfigurations(Invoker.java:144)
  org.testng.TestRunner.beforeRun(TestRunner.java:634)
  org.testng.TestRunner.run(TestRunner.java:602)
  org.testng.SuiteRunner.runTest(SuiteRunner.java:387)
  org.testng.SuiteRunner.access$000(SuiteRunner.java:39)
  org.testng.SuiteRunner$SuiteWorker.run(SuiteRunner.java:421)
  org.testng.internal.thread.ThreadUtil$2.call(ThreadUtil.java:64)
  java.util.concurrent.FutureTask.run(FutureTask.java:266)
  java.util.concurrent.ThreadPoolExecutor.runWorker(ThreadPoolExecutor.java:1142)
  java.util.concurrent.ThreadPoolExecutor$Worker.run(ThreadPoolExecutor.java:617)
  java.lang.Thread.run(Thread.java:745)
]]>
      </failure>

          </testcase>
  
            <testcase name="tearDown" time="0.0" classname="com.nono.live.kwaiTest">
          <skipped />
    </testcase>
            <testcase name="testViewPerformance" time="0.0" classname="com.nono.live.kwaiTest">
          <skipped />
    </testcase>
  
  
</testsuite>
