<?xml version="1.0" encoding="UTF-8"?>
<testng-results skipped="0" failed="0" ignored="0" total="1" passed="1">
  <reporter-output>
  </reporter-output>
  <suite name="Suite" duration-ms="64469" started-at="2017-07-13T08:53:03Z" finished-at="2017-07-13T08:54:07Z">
    <groups>
    </groups>
    <test name="Test" duration-ms="64469" started-at="2017-07-13T08:53:03Z" finished-at="2017-07-13T08:54:07Z">
      <class name="com.nono.live.poco">
        <test-method status="PASS" signature="setUp(java.lang.String, java.lang.String)[pri:0, instance:com.nono.live.poco@5bb21b69]" name="setUp" is-config="true" duration-ms="15656" started-at="2017-07-13T16:53:03Z" finished-at="2017-07-13T16:53:18Z">
          <params>
            <param index="0">
              <value>
                <![CDATA[4723]]>
              </value>
            </param>
            <param index="1">
              <value>
                <![CDATA[192.168.0.141:5555]]>
              </value>
            </param>
          </params>
          <reporter-output>
          </reporter-output>
        </test-method> <!-- setUp -->
        <test-method status="PASS" signature="testPoco()[pri:0, instance:com.nono.live.poco@5bb21b69]" name="testPoco" duration-ms="46288" started-at="2017-07-13T16:53:18Z" finished-at="2017-07-13T16:54:05Z">
          <reporter-output>
          </reporter-output>
        </test-method> <!-- testPoco -->
        <test-method status="PASS" signature="tearDown()[pri:0, instance:com.nono.live.poco@5bb21b69]" name="tearDown" is-config="true" duration-ms="2515" started-at="2017-07-13T16:54:05Z" finished-at="2017-07-13T16:54:07Z">
          <reporter-output>
          </reporter-output>
        </test-method> <!-- tearDown -->
      </class> <!-- com.nono.live.poco -->
    </test> <!-- Test -->
  </suite> <!-- Suite -->
</testng-results>
