<?xml version="1.0" encoding="UTF-8"?>
<testsuite name="Test"
           tests="6"
           failures="0"
           errors="0"
           skipped="0"
           time="314.714">
  <properties />
  
  
            <testcase name="goLive" time="57.596" classname="com.nono.live.UiTest" />
                <testcase name="phoneInfomation" time="20.045" classname="com.nono.live.UiTest" />
                <testcase name="homepageExplore" time="60.278" classname="com.nono.live.UiTest" />
                <testcase name="homepageFollow" time="24.429" classname="com.nono.live.UiTest" />
                <testcase name="homepageHot" time="121.442" classname="com.nono.live.UiTest" />
                <testcase name="me" time="30.924" classname="com.nono.live.UiTest" />
      
</testsuite>
